A51 MACRO ASSEMBLER  MAIN                                                                 05/14/2025 15:38:52 PAGE     1


MACRO ASSEMBLER A51 V8.2.7.0
OBJECT MODULE PLACED IN .\Objects\main.obj
ASSEMBLER INVOKED BY: C:\Keil_v5\C51\BIN\A51.EXE main.a51 SET(SMALL) DEBUG PRINT(.\Listings\main.lst) OBJECT(.\Objects\m
                      ain.obj) EP

LOC  OBJ            LINE     SOURCE

0000                   1     ORG 0000H
                       2             
                       3     ;=========================================================
                       4     ;   -REG_VAL-
                       5     ;=========================================================
0000 758160            6     MOV SP, #60H        ; Set up a safe stack pointer
0003 758000            7     MOV P0, #00H        ; LCD output
0006 7590FF            8     MOV P1, #0FFH       ; ADC input
0009 75A000            9     MOV P2, #00H        ; LED output
                      10     
                      11     
000C 75F000           12     MOV B,  #00H
000F 7800             13     MOV R0, #00H        ; TEMP_VAL
0011 7E00             14     MOV R6, #00H        ; Delay Reg
0013 7F00             15     MOV R7, #00H        ; Delay Reg
                      16     ;=========================================================
                      17     ;   -DEFINES-
                      18     ;=========================================================
                      19     ;I2C Pins
  00A0                20     RS  EQU P2.0
  00A1                21     RW  EQU P2.1
  00A2                22     EN  EQU P2.2
                      23     
  00A4                24     D4  EQU P2.4
  00A5                25     D5  EQU P2.5
  00A6                26     D6  EQU P2.6
  00A7                27     D7  EQU P2.7
                      28     ;=========================================================
                      29     ;                           -MAIN-
                      30     ;=========================================================
0015                  31     MAIN:
                      32             
0015 1145             33         ACALL READ_AVG_ADC
0017 E8               34         MOV A, R0
0018 B53002           35         CJNE A, 30h, UPDATE_LCD
001B 800C             36         SJMP SKIP_UPDATE
                      37     
001D                  38     UPDATE_LCD:
001D F530             39         MOV 30h, A
001F 1199             40         ACALL LCD_INIT         
0021 11FC             41         ACALL DISPLAY_TEMP
0023 E530             42         MOV A, 30h
0025 11C8             43         ACALL DISPLAY_VALUE
0027 3110             44         ACALL DISPLAY_doC
                      45     
0029                  46     SKIP_UPDATE:
0029 3125             47         ACALL DELAY1MS
002B 80E8             48         SJMP MAIN
                      49             
                      50     ;-------------------------
                      51     ; -ADC0804-    
                      52     ;-------------------------
002D                  53     READ_ADC:
002D C2B7             54         CLR P3.7        ; CS = 0
002F D2B6             55         SETB P3.6       ; RD = 1   
0031 C2B5             56         CLR P3.5        ; WR = 0
0033 00               57         NOP
A51 MACRO ASSEMBLER  MAIN                                                                 05/14/2025 15:38:52 PAGE     2

0034 D2B5             58         SETB P3.5       ; WR = 1
0036 00               59         NOP
0037                  60     WAIT_INTR:
0037 20B4FD           61         JB P3.4, WAIT_INTR  
003A C2B7             62         CLR P3.7        ; CS = 0
003C C2B6             63         CLR P3.6        ; RD = 0
003E 3121             64         ACALL DELAY5US
0040 A890             65         MOV R0, P1
0042 88A0             66         MOV P2, R0
0044 22               67         RET
                      68             
                      69     ; Hàm tính trung bình ADC_Value
                      70     
0045                  71     READ_AVG_ADC:
0045 7D00             72         MOV R5, #00H        ; Low byte sum
0047 7E00             73         MOV R6, #00H        ; High byte sum
0049 7F04             74         MOV R7, #04H        ; Lay 4 sample 
                      75     
004B                  76     AVG_LOOP:
004B 112D             77         ACALL READ_ADC      ; R0 chua gia tri ADC
004D E8               78         MOV A, R0
004E 2D               79         ADD A, R5           ; Cong low byte vao A = A + R5 (neu tran A thì C = 1)
004F FD               80         MOV R5, A           ; Dua 8bit LSB ve R5
0050 5001             81         JNC SKIP_INC_HI     ; C = 0 thi tiep tuc lay mau
0052 0E               82         INC R6              ; C = 1 thi tang R6 = R6 + 1
                      83     
0053                  84     SKIP_INC_HI:
0053 3125             85         ACALL DELAY1MS
0055 DFF4             86         DJNZ R7, AVG_LOOP
                      87     
                      88     ; Chia R6:R5 cho 4
                      89         ; Dich phai 2 lan cac thanh ghi R6, R5
0057 EE               90         MOV A, R6         
0058 13               91         RRC A
0059 FE               92         MOV R6, A
005A ED               93         MOV A, R5          
005B 13               94         RRC A
005C FD               95         MOV R5, A
                      96     
005D EE               97         MOV A, R6       
005E 13               98         RRC A
005F FE               99         MOV R6, A
0060 ED              100         MOV A, R5
0061 13              101         RRC A
0062 F8              102         MOV R0, A          
0063 22              103         RET
                     104     ;------------------------
                     105     ; -1602 Interface
                     106     ;------------------------
                     107     
                     108     
0064                 109     SEND_NIBBLE:
                     110             ;; CHO A CHUA 4 BIT D4-D7
                     111             ;; RESET CAC CHAN DATA
0064 C2A4            112             CLR D4
0066 C2A5            113             CLR D5
0068 C2A6            114             CLR D6
006A C2A7            115             CLR D7
                     116             
                     117             
006C A2E4            118             MOV C, ACC.4
006E 92A4            119             MOV D4, C
0070 A2E5            120             MOV C, ACC.5
0072 92A5            121             MOV D5, C
0074 A2E6            122             MOV C, ACC.6
0076 92A6            123             MOV D6, C
A51 MACRO ASSEMBLER  MAIN                                                                 05/14/2025 15:38:52 PAGE     3

0078 A2E7            124             MOV C, ACC.7
007A 92A7            125             MOV D7, C
                     126             
                     127             ;EN 1->0
007C D2A2            128             SETB EN
007E 3125            129             ACALL DELAY1MS
0080 C2A2            130             CLR EN
0082 3125            131             ACALL DELAY1MS
                     132             
0084 22              133             RET
                     134             
0085                 135     SEND_CMD_LCD:
0085 C2A0            136             CLR RS  ;RS=0 -> send cmd
0087 C2A1            137             CLR RW  ;RW=0 -> write mode
0089 1164            138         ACALL SEND_NIBBLE       ; Send upper nibble
008B C4              139         SWAP A
008C 1164            140         ACALL SEND_NIBBLE       ; Send lower nibble
008E 22              141         RET 
                     142     
008F                 143     SEND_DATA_LCD:  
008F D2A0            144         SETB RS     ; RS = 1 for data
0091 C2A1            145         CLR RW      ; RW = 0 for write
0093 1164            146         ACALL SEND_NIBBLE
0095 C4              147         SWAP A
0096 1164            148         ACALL SEND_NIBBLE
0098 22              149         RET 
                     150             
0099                 151     LCD_INIT:
0099 312C            152             ACALL DELAY20MS
                     153             
                     154             
                     155         ; Optional “robust” entry sequence if you ever see weird behaviors
009B 7403            156         MOV A,#03H  
009D 1185            157             ACALL SEND_CMD_LCD
009F 3121            158         ACALL DELAY5US
                     159         
00A1 7403            160             MOV A,#03H  
00A3 1185            161             ACALL SEND_CMD_LCD
00A5 3121            162         ACALL DELAY5US
                     163             
                     164             ; 4bit mode
00A7 7402            165             MOV A, #02H
00A9 1185            166             ACALL SEND_CMD_LCD
                     167             ; Initialization of 16X2 LCD in 4bit mode
00AB 7428            168             MOV A, #28H
00AD 1185            169             ACALL SEND_CMD_LCD
                     170             ; Display ON Cursor OFF
00AF 740C            171             MOV A, #0CH
00B1 1185            172             ACALL SEND_CMD_LCD
                     173             ; Auto Increment cursor
00B3 7406            174             MOV A, #06H
00B5 1185            175             ACALL SEND_CMD_LCD
                     176             ; Clear display
00B7 7401            177             MOV A, #01H
00B9 1185            178             ACALL SEND_CMD_LCD
00BB 3125            179             ACALL DELAY1MS        ; ? wait for clear (˜1.5 ms)
00BD 3125            180             ACALL DELAY1MS        ; ? wait for clear (˜1.5 ms)
                     181             ; DRAM pos = 0
00BF 7480            182             MOV A, #80H
00C1 1185            183             ACALL SEND_CMD_LCD
00C3 3125            184             ACALL DELAY1MS        ; ? wait for clear (˜1.5 ms)
00C5 3125            185             ACALL DELAY1MS        ; ? wait for clear (˜1.5 ms)
                     186             
00C7 22              187             RET
                     188             
00C8                 189     DISPLAY_VALUE:
A51 MACRO ASSEMBLER  MAIN                                                                 05/14/2025 15:38:52 PAGE     4

                     190             ;Chuyen doi R0 thanh hang tram/chuc/donvi
00C8 E8              191             MOV A, R0
00C9 75F064          192             MOV B, #100
                     193             
00CC 84              194             DIV AB      ;A chua thuong, B chua so du
00CD F9              195             MOV R1, A   ;hang tram
                     196             
00CE E5F0            197             MOV A, B    ;A chua so du
00D0 75F00A          198             MOV B, #10
00D3 84              199             DIV AB
00D4 FA              200             MOV R2, A   ;hang chuc
                     201             
00D5 ABF0            202             MOV R3, B   ;hang don vi
                     203             
                     204             
                     205         ; Bo qua so 0 o hang tram
00D7 E9              206         MOV A, R1
00D8 6004            207         JZ SKIP_HUNDREDS   ; neu R1 == 0, nhay toi in hang chuc
00DA 2430            208         ADD A, #30H        ; Chuyen doi sang ASCII (+ 0x30 offset)
00DC 118F            209         ACALL SEND_DATA_LCD 
                     210             
00DE                 211     SKIP_HUNDREDS:
00DE E9              212         MOV A, R1
00DF 7003            213         JNZ PRINT_TENS     ; In hang chuc, mac dinh sau khi in hang tram
                     214         
                     215             ;Bo qua so 0 o hang chuc
00E1 EA              216         MOV A, R2
00E2 6005            217         JZ SKIP_TENS       ; Neu R2 == 0 va R1 == 0, nhay toi SKIP_TENS     
                     218     ; In hang chuc, mac dinh sau khi in hang tram (JNZ PRINT_TENS)
00E4                 219     PRINT_TENS:
00E4 EA              220         MOV A, R2
00E5 2430            221         ADD A, #30H
00E7 118F            222         ACALL SEND_DATA_LCD
                     223     
00E9                 224     SKIP_TENS:
00E9 E9              225         MOV A, R1
00EA 4A              226         ORL A, R2          ; R1 va R2 deu bang 0 thi in don vi
00EB 7003            227         JNZ PRINT_ONES     ; 
                     228     
00ED EB              229         MOV A, R3
00EE 6007            230         JZ PRINT_ZERO      ; In 0 neu VAL(R0) = 000
00F0                 231     PRINT_ONES:
00F0 EB              232         MOV A, R3
00F1 2430            233         ADD A, #30H
00F3 118F            234         ACALL SEND_DATA_LCD
00F5 8004            235         SJMP END_PRINT
                     236     
00F7                 237     PRINT_ZERO:
00F7 7430            238         MOV A, #'0'
00F9 118F            239         ACALL SEND_DATA_LCD
                     240     
00FB                 241     END_PRINT:
00FB 22              242             RET
                     243             
                     244             
00FC                 245     DISPLAY_TEMP:
00FC 900109          246         MOV DPTR, #MSG
00FF                 247     NEXT_CHAR:
00FF E4              248         CLR A 
0100 93              249         MOVC A, @A+DPTR          ;read 1 byte tai DPTR + A(offset, default A=0) 
                     250                                      ;dung A tai day de dung format MOVC
0101 6005            251         JZ END_MSG               ;jump neu gap null 0x00
0103 118F            252         ACALL SEND_DATA_LCD
0105 A3              253         INC DPTR                 ;tang DPTR de doc byte tiep theo
0106 80F7            254         SJMP NEXT_CHAR
0108                 255     END_MSG:
A51 MACRO ASSEMBLER  MAIN                                                                 05/14/2025 15:38:52 PAGE     5

0108 22              256         RET
                     257     
0109 54454D50        258     MSG: DB 'TEMP: ', 0 ;CHO MSG thanh chuoi cac 8bit và add nullptr 0x00 o cuoi
010D 3A2000                  
                     259                             ;MSG se chua dia chi cua string
                     260     
0110                 261     DISPLAY_doC:
0110 90011D          262         MOV DPTR, #MSG_doC
0113                 263     NEXT_CHAR_doC:
0113 E4              264         CLR A 
0114 93              265         MOVC A, @A+DPTR          ;read 1 byte tai DPTR + A(offset, default A=0) 
                     266                                      ;dung A tai day de dung format MOVC
0115 6005            267         JZ END_MSG_doC           ;jump neu gap null 0x00
0117 118F            268         ACALL SEND_DATA_LCD
0119 A3              269         INC DPTR                 ;tang DPTR de doc byte tiep theo
011A 80F7            270         SJMP NEXT_CHAR_doC
011C                 271     END_MSG_doC:
011C 22              272         RET
                     273     
011D 206F4300        274     MSG_doC: DB ' oC', 0 ;CHO MSG thanh chuoi cac 8bit và add nullptr 0x00 o cuoi
                     275     
                     276             
                     277     ;-------------------------
                     278     ; -ULT FUNC-    
                     279     ;-------------------------    
0121                 280     DELAY5US:
0121 00              281         NOP    ; 1 µs
0122 00              282         NOP    ; 1 µs
0123 00              283         NOP    ; 1 µs    
0124 22              284         RET    ; 2 µs    
                     285         
0125                 286     DELAY1MS:
0125 7EC8            287         MOV R6, #200        
0127                 288     D1MS_LOOP:
0127 3121            289         ACALL DELAY5US
0129 DEFC            290         DJNZ R6, D1MS_LOOP
012B 22              291         RET
                     292             
012C                 293     DELAY20MS:
012C 7F14            294         MOV R7, #20
012E                 295     D20MS_LOOP:
012E 3125            296         ACALL DELAY1MS
0130 DFFC            297         DJNZ R7, D20MS_LOOP
0132 22              298         RET 
                     299             
                     300             
0133 7DFA            301     DELAY1S: MOV R5, #250D
0135                 302     LABEL:
0135 3140            303             ACALL DELAY
0137 3140            304             ACALL DELAY
0139 3140            305             ACALL DELAY
013B 3140            306             ACALL DELAY
013D DDF6            307             DJNZ R5, LABEL
013F 22              308             RET
                     309             
0140                 310     DELAY:
0140 7EFA            311             MOV R6, #250D
0142 7FFA            312             MOV R7, #250D
                     313             
0144                 314             LOOP1:
0144 DEFE            315             DJNZ R6, LOOP1
0146                 316             LOOP2:
0146 DFFE            317             DJNZ R7, LOOP2
                     318             
0148 22              319             RET
                     320             
A51 MACRO ASSEMBLER  MAIN                                                                 05/14/2025 15:38:52 PAGE     6

                     321     END     
A51 MACRO ASSEMBLER  MAIN                                                                 05/14/2025 15:38:52 PAGE     7

SYMBOL TABLE LISTING
------ ----- -------


N A M E             T Y P E  V A L U E   ATTRIBUTES

ACC. . . . . . . .  D ADDR   00E0H   A   
AVG_LOOP . . . . .  C ADDR   004BH   A   
B. . . . . . . . .  D ADDR   00F0H   A   
D1MS_LOOP. . . . .  C ADDR   0127H   A   
D20MS_LOOP . . . .  C ADDR   012EH   A   
D4 . . . . . . . .  B ADDR   00A0H.4 A   
D5 . . . . . . . .  B ADDR   00A0H.5 A   
D6 . . . . . . . .  B ADDR   00A0H.6 A   
D7 . . . . . . . .  B ADDR   00A0H.7 A   
DELAY. . . . . . .  C ADDR   0140H   A   
DELAY1MS . . . . .  C ADDR   0125H   A   
DELAY1S. . . . . .  C ADDR   0133H   A   
DELAY20MS. . . . .  C ADDR   012CH   A   
DELAY5US . . . . .  C ADDR   0121H   A   
DISPLAY_DOC. . . .  C ADDR   0110H   A   
DISPLAY_TEMP . . .  C ADDR   00FCH   A   
DISPLAY_VALUE. . .  C ADDR   00C8H   A   
EN . . . . . . . .  B ADDR   00A0H.2 A   
END_MSG. . . . . .  C ADDR   0108H   A   
END_MSG_DOC. . . .  C ADDR   011CH   A   
END_PRINT. . . . .  C ADDR   00FBH   A   
LABEL. . . . . . .  C ADDR   0135H   A   
LCD_INIT . . . . .  C ADDR   0099H   A   
LOOP1. . . . . . .  C ADDR   0144H   A   
LOOP2. . . . . . .  C ADDR   0146H   A   
MAIN . . . . . . .  C ADDR   0015H   A   
MSG. . . . . . . .  C ADDR   0109H   A   
MSG_DOC. . . . . .  C ADDR   011DH   A   
NEXT_CHAR. . . . .  C ADDR   00FFH   A   
NEXT_CHAR_DOC. . .  C ADDR   0113H   A   
P0 . . . . . . . .  D ADDR   0080H   A   
P1 . . . . . . . .  D ADDR   0090H   A   
P2 . . . . . . . .  D ADDR   00A0H   A   
P3 . . . . . . . .  D ADDR   00B0H   A   
PRINT_ONES . . . .  C ADDR   00F0H   A   
PRINT_TENS . . . .  C ADDR   00E4H   A   
PRINT_ZERO . . . .  C ADDR   00F7H   A   
READ_ADC . . . . .  C ADDR   002DH   A   
READ_AVG_ADC . . .  C ADDR   0045H   A   
RS . . . . . . . .  B ADDR   00A0H.0 A   
RW . . . . . . . .  B ADDR   00A0H.1 A   
SEND_CMD_LCD . . .  C ADDR   0085H   A   
SEND_DATA_LCD. . .  C ADDR   008FH   A   
SEND_NIBBLE. . . .  C ADDR   0064H   A   
SKIP_HUNDREDS. . .  C ADDR   00DEH   A   
SKIP_INC_HI. . . .  C ADDR   0053H   A   
SKIP_TENS. . . . .  C ADDR   00E9H   A   
SKIP_UPDATE. . . .  C ADDR   0029H   A   
SP . . . . . . . .  D ADDR   0081H   A   
UPDATE_LCD . . . .  C ADDR   001DH   A   
WAIT_INTR. . . . .  C ADDR   0037H   A   


REGISTER BANK(S) USED: 0 


ASSEMBLY COMPLETE.  0 WARNING(S), 0 ERROR(S)
